<?xml version="1.0"?>
<!DOCTYPE coverage SYSTEM "http://cobertura.sourceforge.net/xml/coverage-04.dtd">

<coverage line-rate="0.4090909090909091" branch-rate="0.14285714285714285" lines-covered="27" lines-valid="66" branches-covered="6" branches-valid="42" complexity="1.25" version="2.0.3" timestamp="1412193926622">
	<sources>
		<source>/home/travis/build/gehel/jpreseed/jpreseed-web/src/main/java</source>
		<source>--source</source>
	</sources>
	<packages>
		<package name="ch.ledcom.jpreseed.web" line-rate="0.4090909090909091" branch-rate="0.14285714285714285" complexity="1.25">
			<classes>
				<class name="ch.ledcom.jpreseed.web.JPreseedController" filename="ch/ledcom/jpreseed/web/JPreseedController.java" line-rate="0.0" branch-rate="0.0" complexity="1.0">
					<methods>
						<method name="&lt;init&gt;" signature="(Lch/ledcom/jpreseed/DownloaderFactory;Lch/ledcom/jpreseed/distro/DistroService;Lch/ledcom/jpreseed/UsbCreator;)V" line-rate="0.0" branch-rate="1.0">
							<lines>
								<line number="49" hits="0" branch="false"/>
								<line number="56" hits="0" branch="false"/>
								<line number="57" hits="0" branch="false"/>
								<line number="58" hits="0" branch="false"/>
								<line number="59" hits="0" branch="false"/>
								<line number="60" hits="0" branch="false"/>
							</lines>
						</method>
						<method name="createUsbImage" signature="(Ljava/lang/String;Ljava/lang/String;Ljava/util/List;Lorg/springframework/web/multipart/MultipartFile;Ljavax/servlet/http/HttpServletResponse;Ljava/io/OutputStream;)V" line-rate="0.0" branch-rate="0.0">
							<lines>
								<line number="96" hits="0" branch="false"/>
								<line number="98" hits="0" branch="false"/>
								<line number="99" hits="0" branch="false"/>
								<line number="100" hits="0" branch="false"/>
								<line number="101" hits="0" branch="false"/>
								<line number="103" hits="0" branch="false"/>
								<line number="104" hits="0" branch="false"/>
								<line number="106" hits="0" branch="false"/>
								<line number="107" hits="0" branch="false"/>
								<line number="109" hits="0" branch="false"/>
								<line number="110" hits="0" branch="false"/>
								<line number="116" hits="0" branch="false"/>
								<line number="117" hits="0" branch="true" condition-coverage="0% (0/24)">
									<conditions>
										<condition number="0" type="jump" coverage="0%"/>
										<condition number="1" type="jump" coverage="0%"/>
										<condition number="2" type="jump" coverage="0%"/>
										<condition number="3" type="jump" coverage="0%"/>
										<condition number="4" type="jump" coverage="0%"/>
										<condition number="5" type="jump" coverage="0%"/>
										<condition number="6" type="jump" coverage="0%"/>
										<condition number="7" type="jump" coverage="0%"/>
										<condition number="8" type="jump" coverage="0%"/>
										<condition number="9" type="jump" coverage="0%"/>
										<condition number="10" type="jump" coverage="0%"/>
										<condition number="11" type="jump" coverage="0%"/>
									</conditions>
								</line>
								<line number="118" hits="0" branch="false"/>
							</lines>
						</method>
						<method name="distributions" signature="()Ljava/util/Collection;" line-rate="0.0" branch-rate="1.0">
							<lines>
								<line number="64" hits="0" branch="false"/>
							</lines>
						</method>
						<method name="distributionsAndVersions" signature="()Ljava/util/List;" line-rate="0.0" branch-rate="1.0">
							<lines>
								<line number="69" hits="0" branch="false"/>
							</lines>
						</method>
						<method name="enableGoogleAnalytics" signature="()Z" line-rate="0.0" branch-rate="0.0">
							<lines>
								<line number="79" hits="0" branch="true" condition-coverage="0% (0/2)">
									<conditions>
										<condition number="0" type="jump" coverage="0%"/>
									</conditions>
								</line>
							</lines>
						</method>
						<method name="googleAnalytics" signature="()Ljava/lang/String;" line-rate="0.0" branch-rate="1.0">
							<lines>
								<line number="74" hits="0" branch="false"/>
							</lines>
						</method>
						<method name="index" signature="()Ljava/lang/String;" line-rate="0.0" branch-rate="1.0">
							<lines>
								<line number="84" hits="0" branch="false"/>
							</lines>
						</method>
					</methods>
					<lines>
						<line number="49" hits="0" branch="false"/>
						<line number="56" hits="0" branch="false"/>
						<line number="57" hits="0" branch="false"/>
						<line number="58" hits="0" branch="false"/>
						<line number="59" hits="0" branch="false"/>
						<line number="60" hits="0" branch="false"/>
						<line number="64" hits="0" branch="false"/>
						<line number="69" hits="0" branch="false"/>
						<line number="74" hits="0" branch="false"/>
						<line number="79" hits="0" branch="true" condition-coverage="0% (0/2)">
							<conditions>
								<condition number="0" type="jump" coverage="0%"/>
							</conditions>
						</line>
						<line number="84" hits="0" branch="false"/>
						<line number="96" hits="0" branch="false"/>
						<line number="98" hits="0" branch="false"/>
						<line number="99" hits="0" branch="false"/>
						<line number="100" hits="0" branch="false"/>
						<line number="101" hits="0" branch="false"/>
						<line number="103" hits="0" branch="false"/>
						<line number="104" hits="0" branch="false"/>
						<line number="106" hits="0" branch="false"/>
						<line number="107" hits="0" branch="false"/>
						<line number="109" hits="0" branch="false"/>
						<line number="110" hits="0" branch="false"/>
						<line number="116" hits="0" branch="false"/>
						<line number="117" hits="0" branch="true" condition-coverage="0% (0/24)">
							<conditions>
								<condition number="0" type="jump" coverage="0%"/>
								<condition number="1" type="jump" coverage="0%"/>
								<condition number="2" type="jump" coverage="0%"/>
								<condition number="3" type="jump" coverage="0%"/>
								<condition number="4" type="jump" coverage="0%"/>
								<condition number="5" type="jump" coverage="0%"/>
								<condition number="6" type="jump" coverage="0%"/>
								<condition number="7" type="jump" coverage="0%"/>
								<condition number="8" type="jump" coverage="0%"/>
								<condition number="9" type="jump" coverage="0%"/>
								<condition number="10" type="jump" coverage="0%"/>
								<condition number="11" type="jump" coverage="0%"/>
							</conditions>
						</line>
						<line number="118" hits="0" branch="false"/>
					</lines>
				</class>
				<class name="ch.ledcom.jpreseed.web.JPreseedWeb" filename="ch/ledcom/jpreseed/web/JPreseedWeb.java" line-rate="0.0" branch-rate="0.0" complexity="1.0">
					<methods>
						<method name="&lt;init&gt;" signature="()V" line-rate="0.0" branch-rate="1.0">
							<lines>
								<line number="39" hits="0" branch="false"/>
							</lines>
						</method>
						<method name="distroService" signature="()Lch/ledcom/jpreseed/distro/DistroService;" line-rate="0.0" branch-rate="0.0">
							<lines>
								<line number="68" hits="0" branch="false"/>
								<line number="69" hits="0" branch="false"/>
								<line number="70" hits="0" branch="true" condition-coverage="0% (0/8)">
									<conditions>
										<condition number="0" type="jump" coverage="0%"/>
										<condition number="1" type="jump" coverage="0%"/>
										<condition number="2" type="jump" coverage="0%"/>
										<condition number="3" type="jump" coverage="0%"/>
									</conditions>
								</line>
							</lines>
						</method>
						<method name="downloaderFactory" signature="()Lch/ledcom/jpreseed/DownloaderFactory;" line-rate="0.0" branch-rate="1.0">
							<lines>
								<line number="51" hits="0" branch="false"/>
								<line number="55" hits="0" branch="false"/>
								<line number="60" hits="0" branch="false"/>
							</lines>
						</method>
						<method name="main" signature="([Ljava/lang/String;)V" line-rate="0.0" branch-rate="1.0">
							<lines>
								<line number="79" hits="0" branch="false"/>
								<line number="80" hits="0" branch="false"/>
							</lines>
						</method>
						<method name="usbCreator" signature="()Lch/ledcom/jpreseed/UsbCreator;" line-rate="0.0" branch-rate="1.0">
							<lines>
								<line number="75" hits="0" branch="false"/>
							</lines>
						</method>
					</methods>
					<lines>
						<line number="39" hits="0" branch="false"/>
						<line number="51" hits="0" branch="false"/>
						<line number="55" hits="0" branch="false"/>
						<line number="60" hits="0" branch="false"/>
						<line number="68" hits="0" branch="false"/>
						<line number="69" hits="0" branch="false"/>
						<line number="70" hits="0" branch="true" condition-coverage="0% (0/8)">
							<conditions>
								<condition number="0" type="jump" coverage="0%"/>
								<condition number="1" type="jump" coverage="0%"/>
								<condition number="2" type="jump" coverage="0%"/>
								<condition number="3" type="jump" coverage="0%"/>
							</conditions>
						</line>
						<line number="75" hits="0" branch="false"/>
						<line number="79" hits="0" branch="false"/>
						<line number="80" hits="0" branch="false"/>
					</lines>
				</class>
				<class name="ch.ledcom.jpreseed.web.TemporaryPreseedStore" filename="ch/ledcom/jpreseed/web/TemporaryPreseedStore.java" line-rate="0.8709677419354839" branch-rate="0.75" complexity="1.8">
					<methods>
						<method name="&lt;init&gt;" signature="()V" line-rate="1.0" branch-rate="1.0">
							<lines>
								<line number="39" hits="4" branch="false"/>
								<line number="42" hits="4" branch="false"/>
								<line number="44" hits="4" branch="false"/>
								<line number="45" hits="4" branch="false"/>
								<line number="46" hits="4" branch="false"/>
							</lines>
						</method>
						<method name="addPreseeds" signature="(Ljava/util/Collection;)V" line-rate="1.0" branch-rate="0.6666666666666666">
							<lines>
								<line number="53" hits="4" branch="true" condition-coverage="100% (2/2)">
									<conditions>
										<condition number="0" type="jump" coverage="100%"/>
									</conditions>
								</line>
								<line number="54" hits="4" branch="false"/>
								<line number="55" hits="4" branch="false"/>
								<line number="56" hits="4" branch="false"/>
								<line number="57" hits="4" branch="false"/>
								<line number="58" hits="4" branch="false"/>
								<line number="59" hits="4" branch="false"/>
								<line number="60" hits="4" branch="true" condition-coverage="50% (2/4)">
									<conditions>
										<condition number="0" type="jump" coverage="50%"/>
										<condition number="1" type="jump" coverage="50%"/>
									</conditions>
								</line>
								<line number="61" hits="4" branch="false"/>
								<line number="62" hits="4" branch="false"/>
							</lines>
						</method>
						<method name="close" signature="()V" line-rate="0.7142857142857143" branch-rate="1.0">
							<lines>
								<line number="77" hits="4" branch="false"/>
								<line number="79" hits="4" branch="false"/>
								<line number="80" hits="4" branch="false"/>
								<line number="81" hits="0" branch="false"/>
								<line number="82" hits="0" branch="false"/>
								<line number="83" hits="4" branch="false"/>
								<line number="84" hits="4" branch="false"/>
							</lines>
						</method>
						<method name="deletePreseeds" signature="()V" line-rate="0.75" branch-rate="1.0">
							<lines>
								<line number="65" hits="4" branch="true" condition-coverage="100% (2/2)">
									<conditions>
										<condition number="0" type="jump" coverage="100%"/>
									</conditions>
								</line>
								<line number="67" hits="4" branch="false"/>
								<line number="68" hits="4" branch="false"/>
								<line number="69" hits="0" branch="false"/>
								<line number="70" hits="0" branch="false"/>
								<line number="71" hits="4" branch="false"/>
								<line number="72" hits="4" branch="false"/>
								<line number="73" hits="4" branch="false"/>
							</lines>
						</method>
						<method name="getPreseeds" signature="()Lcom/google/common/collect/ImmutableSet;" line-rate="1.0" branch-rate="1.0">
							<lines>
								<line number="49" hits="4" branch="false"/>
							</lines>
						</method>
					</methods>
					<lines>
						<line number="39" hits="4" branch="false"/>
						<line number="42" hits="4" branch="false"/>
						<line number="44" hits="4" branch="false"/>
						<line number="45" hits="4" branch="false"/>
						<line number="46" hits="4" branch="false"/>
						<line number="49" hits="4" branch="false"/>
						<line number="53" hits="4" branch="true" condition-coverage="100% (2/2)">
							<conditions>
								<condition number="0" type="jump" coverage="100%"/>
							</conditions>
						</line>
						<line number="54" hits="4" branch="false"/>
						<line number="55" hits="4" branch="false"/>
						<line number="56" hits="4" branch="false"/>
						<line number="57" hits="4" branch="false"/>
						<line number="58" hits="4" branch="false"/>
						<line number="59" hits="4" branch="false"/>
						<line number="60" hits="4" branch="true" condition-coverage="50% (2/4)">
							<conditions>
								<condition number="0" type="jump" coverage="50%"/>
								<condition number="1" type="jump" coverage="50%"/>
							</conditions>
						</line>
						<line number="61" hits="4" branch="false"/>
						<line number="62" hits="4" branch="false"/>
						<line number="65" hits="4" branch="true" condition-coverage="100% (2/2)">
							<conditions>
								<condition number="0" type="jump" coverage="100%"/>
							</conditions>
						</line>
						<line number="67" hits="4" branch="false"/>
						<line number="68" hits="4" branch="false"/>
						<line number="69" hits="0" branch="false"/>
						<line number="70" hits="0" branch="false"/>
						<line number="71" hits="4" branch="false"/>
						<line number="72" hits="4" branch="false"/>
						<line number="73" hits="4" branch="false"/>
						<line number="77" hits="4" branch="false"/>
						<line number="79" hits="4" branch="false"/>
						<line number="80" hits="4" branch="false"/>
						<line number="81" hits="0" branch="false"/>
						<line number="82" hits="0" branch="false"/>
						<line number="83" hits="4" branch="false"/>
						<line number="84" hits="4" branch="false"/>
					</lines>
				</class>
				<class name="ch.ledcom.jpreseed.web.package-info" filename="ch/ledcom/jpreseed/web/package-info.java" line-rate="1.0" branch-rate="1.0" complexity="0.0">
					<methods>
					</methods>
					<lines>
					</lines>
				</class>
			</classes>
		</package>
	</packages>
</coverage>
