<?xml version="1.0"?>
<!DOCTYPE coverage SYSTEM "http://cobertura.sourceforge.net/xml/coverage-04.dtd">

<coverage line-rate="1.0" branch-rate="0.68" lines-covered="172" lines-valid="172" branches-covered="34" branches-valid="50" complexity="1.3404255319148937" version="2.0.3" timestamp="1412193803505">
	<sources>
		<source>/home/travis/build/gehel/jpreseed/jpreseed-core/src/main/java</source>
		<source>--source</source>
	</sources>
	<packages>
		<package name="ch.ledcom.jpreseed" line-rate="1.0" branch-rate="0.6" complexity="1.4583333333333333">
			<classes>
				<class name="ch.ledcom.jpreseed.DownloadedInputImage" filename="ch/ledcom/jpreseed/DownloadedInputImage.java" line-rate="1.0" branch-rate="1.0" complexity="1.0">
					<methods>
						<method name="&lt;init&gt;" signature="(Lch/ledcom/jpreseed/Downloader;)V" line-rate="1.0" branch-rate="1.0">
							<lines>
								<line number="27" hits="4" branch="false"/>
								<line number="29" hits="4" branch="false"/>
								<line number="30" hits="4" branch="false"/>
								<line number="31" hits="4" branch="false"/>
							</lines>
						</method>
						<method name="close" signature="()V" line-rate="1.0" branch-rate="1.0">
							<lines>
								<line number="40" hits="2" branch="false"/>
								<line number="41" hits="2" branch="false"/>
							</lines>
						</method>
						<method name="getContent" signature="()Ljava/io/InputStream;" line-rate="1.0" branch-rate="1.0">
							<lines>
								<line number="35" hits="4" branch="false"/>
							</lines>
						</method>
					</methods>
					<lines>
						<line number="27" hits="4" branch="false"/>
						<line number="29" hits="4" branch="false"/>
						<line number="30" hits="4" branch="false"/>
						<line number="31" hits="4" branch="false"/>
						<line number="35" hits="4" branch="false"/>
						<line number="40" hits="2" branch="false"/>
						<line number="41" hits="2" branch="false"/>
					</lines>
				</class>
				<class name="ch.ledcom.jpreseed.Downloader" filename="ch/ledcom/jpreseed/Downloader.java" line-rate="1.0" branch-rate="1.0" complexity="1.0">
					<methods>
						<method name="&lt;init&gt;" signature="(Lorg/apache/http/impl/client/CloseableHttpClient;Ljava/net/URI;)V" line-rate="1.0" branch-rate="1.0">
							<lines>
								<line number="33" hits="6" branch="false"/>
								<line number="35" hits="6" branch="false"/>
								<line number="36" hits="6" branch="false"/>
								<line number="37" hits="6" branch="false"/>
								<line number="38" hits="6" branch="false"/>
							</lines>
						</method>
						<method name="close" signature="()V" line-rate="1.0" branch-rate="1.0">
							<lines>
								<line number="46" hits="6" branch="false"/>
								<line number="47" hits="6" branch="false"/>
							</lines>
						</method>
						<method name="getContent" signature="()Ljava/io/InputStream;" line-rate="1.0" branch-rate="1.0">
							<lines>
								<line number="41" hits="6" branch="false"/>
							</lines>
						</method>
					</methods>
					<lines>
						<line number="33" hits="6" branch="false"/>
						<line number="35" hits="6" branch="false"/>
						<line number="36" hits="6" branch="false"/>
						<line number="37" hits="6" branch="false"/>
						<line number="38" hits="6" branch="false"/>
						<line number="41" hits="6" branch="false"/>
						<line number="46" hits="6" branch="false"/>
						<line number="47" hits="6" branch="false"/>
					</lines>
				</class>
				<class name="ch.ledcom.jpreseed.DownloaderFactory" filename="ch/ledcom/jpreseed/DownloaderFactory.java" line-rate="1.0" branch-rate="1.0" complexity="1.0">
					<methods>
						<method name="&lt;init&gt;" signature="(Lorg/apache/http/impl/client/CloseableHttpClient;)V" line-rate="1.0" branch-rate="1.0">
							<lines>
								<line number="28" hits="4" branch="false"/>
								<line number="29" hits="4" branch="false"/>
								<line number="30" hits="4" branch="false"/>
							</lines>
						</method>
						<method name="getDownloader" signature="(Ljava/net/URI;)Lch/ledcom/jpreseed/Downloader;" line-rate="1.0" branch-rate="1.0">
							<lines>
								<line number="33" hits="6" branch="false"/>
							</lines>
						</method>
					</methods>
					<lines>
						<line number="28" hits="4" branch="false"/>
						<line number="29" hits="4" branch="false"/>
						<line number="30" hits="4" branch="false"/>
						<line number="33" hits="6" branch="false"/>
					</lines>
				</class>
				<class name="ch.ledcom.jpreseed.FatModifier" filename="ch/ledcom/jpreseed/FatModifier.java" line-rate="1.0" branch-rate="1.0" complexity="2.0">
					<methods>
						<method name="&lt;init&gt;" signature="(Ljava/io/InputStream;)V" line-rate="1.0" branch-rate="1.0">
							<lines>
								<line number="37" hits="14" branch="false"/>
								<line number="38" hits="14" branch="false"/>
								<line number="39" hits="14" branch="false"/>
								<line number="40" hits="14" branch="false"/>
							</lines>
						</method>
						<method name="addOrReplace" signature="(Ljava/lang/String;Ljava/nio/ByteBuffer;)V" line-rate="1.0" branch-rate="1.0">
							<lines>
								<line number="57" hits="10" branch="false"/>
								<line number="58" hits="10" branch="true" condition-coverage="100% (2/2)">
									<conditions>
										<condition number="0" type="jump" coverage="100%"/>
									</conditions>
								</line>
								<line number="59" hits="4" branch="false"/>
								<line number="61" hits="10" branch="true" condition-coverage="100% (2/2)">
									<conditions>
										<condition number="0" type="jump" coverage="100%"/>
									</conditions>
								</line>
								<line number="62" hits="2" branch="false"/>
								<line number="64" hits="8" branch="false"/>
								<line number="65" hits="8" branch="false"/>
							</lines>
						</method>
						<method name="close" signature="()V" line-rate="1.0" branch-rate="1.0">
							<lines>
								<line number="75" hits="18" branch="false"/>
								<line number="76" hits="18" branch="false"/>
							</lines>
						</method>
						<method name="flush" signature="()V" line-rate="1.0" branch-rate="1.0">
							<lines>
								<line number="83" hits="6" branch="false"/>
								<line number="84" hits="6" branch="false"/>
							</lines>
						</method>
						<method name="getByteBuffer" signature="()Ljava/nio/ByteBuffer;" line-rate="1.0" branch-rate="1.0">
							<lines>
								<line number="68" hits="6" branch="false"/>
								<line number="69" hits="6" branch="false"/>
								<line number="70" hits="6" branch="false"/>
							</lines>
						</method>
						<method name="getFileContent" signature="(Ljava/lang/String;)Ljava/nio/ByteBuffer;" line-rate="1.0" branch-rate="1.0">
							<lines>
								<line number="43" hits="10" branch="false"/>
								<line number="44" hits="10" branch="true" condition-coverage="100% (2/2)">
									<conditions>
										<condition number="0" type="jump" coverage="100%"/>
									</conditions>
								</line>
								<line number="45" hits="2" branch="false"/>
								<line number="47" hits="8" branch="true" condition-coverage="100% (2/2)">
									<conditions>
										<condition number="0" type="jump" coverage="100%"/>
									</conditions>
								</line>
								<line number="48" hits="2" branch="false"/>
								<line number="50" hits="6" branch="false"/>
								<line number="51" hits="6" branch="false"/>
								<line number="52" hits="6" branch="false"/>
								<line number="53" hits="6" branch="false"/>
							</lines>
						</method>
						<method name="isClosed" signature="()Z" line-rate="1.0" branch-rate="1.0">
							<lines>
								<line number="79" hits="2" branch="false"/>
							</lines>
						</method>
					</methods>
					<lines>
						<line number="37" hits="14" branch="false"/>
						<line number="38" hits="14" branch="false"/>
						<line number="39" hits="14" branch="false"/>
						<line number="40" hits="14" branch="false"/>
						<line number="43" hits="10" branch="false"/>
						<line number="44" hits="10" branch="true" condition-coverage="100% (2/2)">
							<conditions>
								<condition number="0" type="jump" coverage="100%"/>
							</conditions>
						</line>
						<line number="45" hits="2" branch="false"/>
						<line number="47" hits="8" branch="true" condition-coverage="100% (2/2)">
							<conditions>
								<condition number="0" type="jump" coverage="100%"/>
							</conditions>
						</line>
						<line number="48" hits="2" branch="false"/>
						<line number="50" hits="6" branch="false"/>
						<line number="51" hits="6" branch="false"/>
						<line number="52" hits="6" branch="false"/>
						<line number="53" hits="6" branch="false"/>
						<line number="57" hits="10" branch="false"/>
						<line number="58" hits="10" branch="true" condition-coverage="100% (2/2)">
							<conditions>
								<condition number="0" type="jump" coverage="100%"/>
							</conditions>
						</line>
						<line number="59" hits="4" branch="false"/>
						<line number="61" hits="10" branch="true" condition-coverage="100% (2/2)">
							<conditions>
								<condition number="0" type="jump" coverage="100%"/>
							</conditions>
						</line>
						<line number="62" hits="2" branch="false"/>
						<line number="64" hits="8" branch="false"/>
						<line number="65" hits="8" branch="false"/>
						<line number="68" hits="6" branch="false"/>
						<line number="69" hits="6" branch="false"/>
						<line number="70" hits="6" branch="false"/>
						<line number="75" hits="18" branch="false"/>
						<line number="76" hits="18" branch="false"/>
						<line number="79" hits="2" branch="false"/>
						<line number="83" hits="6" branch="false"/>
						<line number="84" hits="6" branch="false"/>
					</lines>
				</class>
				<class name="ch.ledcom.jpreseed.InitrdRepacker" filename="ch/ledcom/jpreseed/InitrdRepacker.java" line-rate="1.0" branch-rate="0.46153846153846156" complexity="2.0">
					<methods>
						<method name="&lt;init&gt;" signature="(Ljava/io/InputStream;)V" line-rate="1.0" branch-rate="1.0">
							<lines>
								<line number="40" hits="8" branch="false"/>
								<line number="44" hits="8" branch="false"/>
								<line number="46" hits="8" branch="false"/>
								<line number="47" hits="8" branch="false"/>
								<line number="48" hits="8" branch="false"/>
							</lines>
						</method>
						<method name="addFile" signature="(Ljava/lang/String;Ljava/io/File;)Lch/ledcom/jpreseed/InitrdRepacker;" line-rate="1.0" branch-rate="1.0">
							<lines>
								<line number="52" hits="6" branch="false"/>
								<line number="53" hits="6" branch="false"/>
							</lines>
						</method>
						<method name="repack" signature="(Ljava/io/OutputStream;)V" line-rate="1.0" branch-rate="0.46153846153846156">
							<lines>
								<line number="58" hits="16" branch="false"/>
								<line number="59" hits="8" branch="false"/>
								<line number="60" hits="8" branch="false"/>
								<line number="64" hits="32" branch="true" condition-coverage="100% (2/2)">
									<conditions>
										<condition number="0" type="jump" coverage="100%"/>
									</conditions>
								</line>
								<line number="65" hits="24" branch="true" condition-coverage="100% (2/2)">
									<conditions>
										<condition number="0" type="jump" coverage="100%"/>
									</conditions>
								</line>
								<line number="66" hits="22" branch="false"/>
								<line number="67" hits="22" branch="false"/>
								<line number="68" hits="22" branch="false"/>
								<line number="69" hits="22" branch="false"/>
								<line number="70" hits="22" branch="false"/>
								<line number="71" hits="22" branch="false"/>
								<line number="75" hits="8" branch="true" condition-coverage="100% (2/2)">
									<conditions>
										<condition number="0" type="jump" coverage="100%"/>
									</conditions>
								</line>
								<line number="76" hits="6" branch="false"/>
								<line number="77" hits="6" branch="false"/>
								<line number="78" hits="6" branch="false"/>
								<line number="79" hits="6" branch="false"/>
								<line number="80" hits="6" branch="false"/>
								<line number="81" hits="6" branch="true" condition-coverage="50% (2/4)">
									<conditions>
										<condition number="0" type="jump" coverage="50%"/>
										<condition number="1" type="jump" coverage="50%"/>
									</conditions>
								</line>
								<line number="82" hits="6" branch="false"/>
								<line number="83" hits="6" branch="false"/>
								<line number="84" hits="8" branch="true" condition-coverage="25% (4/16)">
									<conditions>
										<condition number="0" type="jump" coverage="50%"/>
										<condition number="1" type="jump" coverage="50%"/>
										<condition number="2" type="jump" coverage="0%"/>
										<condition number="3" type="jump" coverage="0%"/>
										<condition number="4" type="jump" coverage="50%"/>
										<condition number="5" type="jump" coverage="50%"/>
										<condition number="6" type="jump" coverage="0%"/>
										<condition number="7" type="jump" coverage="0%"/>
									</conditions>
								</line>
								<line number="85" hits="8" branch="false"/>
							</lines>
						</method>
					</methods>
					<lines>
						<line number="40" hits="8" branch="false"/>
						<line number="44" hits="8" branch="false"/>
						<line number="46" hits="8" branch="false"/>
						<line number="47" hits="8" branch="false"/>
						<line number="48" hits="8" branch="false"/>
						<line number="52" hits="6" branch="false"/>
						<line number="53" hits="6" branch="false"/>
						<line number="58" hits="16" branch="false"/>
						<line number="59" hits="8" branch="false"/>
						<line number="60" hits="8" branch="false"/>
						<line number="64" hits="32" branch="true" condition-coverage="100% (2/2)">
							<conditions>
								<condition number="0" type="jump" coverage="100%"/>
							</conditions>
						</line>
						<line number="65" hits="24" branch="true" condition-coverage="100% (2/2)">
							<conditions>
								<condition number="0" type="jump" coverage="100%"/>
							</conditions>
						</line>
						<line number="66" hits="22" branch="false"/>
						<line number="67" hits="22" branch="false"/>
						<line number="68" hits="22" branch="false"/>
						<line number="69" hits="22" branch="false"/>
						<line number="70" hits="22" branch="false"/>
						<line number="71" hits="22" branch="false"/>
						<line number="75" hits="8" branch="true" condition-coverage="100% (2/2)">
							<conditions>
								<condition number="0" type="jump" coverage="100%"/>
							</conditions>
						</line>
						<line number="76" hits="6" branch="false"/>
						<line number="77" hits="6" branch="false"/>
						<line number="78" hits="6" branch="false"/>
						<line number="79" hits="6" branch="false"/>
						<line number="80" hits="6" branch="false"/>
						<line number="81" hits="6" branch="true" condition-coverage="50% (2/4)">
							<conditions>
								<condition number="0" type="jump" coverage="50%"/>
								<condition number="1" type="jump" coverage="50%"/>
							</conditions>
						</line>
						<line number="82" hits="6" branch="false"/>
						<line number="83" hits="6" branch="false"/>
						<line number="84" hits="8" branch="true" condition-coverage="25% (4/16)">
							<conditions>
								<condition number="0" type="jump" coverage="50%"/>
								<condition number="1" type="jump" coverage="50%"/>
								<condition number="2" type="jump" coverage="0%"/>
								<condition number="3" type="jump" coverage="0%"/>
								<condition number="4" type="jump" coverage="50%"/>
								<condition number="5" type="jump" coverage="50%"/>
								<condition number="6" type="jump" coverage="0%"/>
								<condition number="7" type="jump" coverage="0%"/>
							</conditions>
						</line>
						<line number="85" hits="8" branch="false"/>
					</lines>
				</class>
				<class name="ch.ledcom.jpreseed.InputImage" filename="ch/ledcom/jpreseed/InputImage.java" line-rate="1.0" branch-rate="1.0" complexity="1.0">
					<methods>
					</methods>
					<lines>
					</lines>
				</class>
				<class name="ch.ledcom.jpreseed.InputStreamImage" filename="ch/ledcom/jpreseed/InputStreamImage.java" line-rate="1.0" branch-rate="1.0" complexity="1.0">
					<methods>
						<method name="&lt;init&gt;" signature="(Ljava/io/InputStream;)V" line-rate="1.0" branch-rate="1.0">
							<lines>
								<line number="27" hits="4" branch="false"/>
								<line number="29" hits="4" branch="false"/>
								<line number="30" hits="4" branch="false"/>
								<line number="31" hits="4" branch="false"/>
							</lines>
						</method>
						<method name="close" signature="()V" line-rate="1.0" branch-rate="1.0">
							<lines>
								<line number="40" hits="2" branch="false"/>
								<line number="41" hits="2" branch="false"/>
							</lines>
						</method>
						<method name="getContent" signature="()Ljava/io/InputStream;" line-rate="1.0" branch-rate="1.0">
							<lines>
								<line number="35" hits="4" branch="false"/>
							</lines>
						</method>
					</methods>
					<lines>
						<line number="27" hits="4" branch="false"/>
						<line number="29" hits="4" branch="false"/>
						<line number="30" hits="4" branch="false"/>
						<line number="31" hits="4" branch="false"/>
						<line number="35" hits="4" branch="false"/>
						<line number="40" hits="2" branch="false"/>
						<line number="41" hits="2" branch="false"/>
					</lines>
				</class>
				<class name="ch.ledcom.jpreseed.UsbCreator" filename="ch/ledcom/jpreseed/UsbCreator.java" line-rate="1.0" branch-rate="0.6666666666666666" complexity="1.5">
					<methods>
						<method name="&lt;init&gt;" signature="()V" line-rate="1.0" branch-rate="1.0">
							<lines>
								<line number="30" hits="2" branch="false"/>
							</lines>
						</method>
						<method name="create" signature="(Ljava/io/InputStream;Ljava/util/zip/GZIPOutputStream;Ljava/nio/ByteBuffer;Ljava/util/Collection;)V" line-rate="1.0" branch-rate="0.5">
							<lines>
								<line number="40" hits="2" branch="false"/>
								<line number="41" hits="2" branch="false"/>
								<line number="42" hits="2" branch="false"/>
								<line number="43" hits="2" branch="false"/>
								<line number="44" hits="2" branch="false"/>
								<line number="46" hits="2" branch="false"/>
								<line number="48" hits="2" branch="false"/>
								<line number="49" hits="2" branch="true" condition-coverage="50% (2/4)">
									<conditions>
										<condition number="0" type="jump" coverage="50%"/>
										<condition number="1" type="jump" coverage="50%"/>
									</conditions>
								</line>
								<line number="50" hits="2" branch="false"/>
							</lines>
						</method>
						<method name="repackedInitrd" signature="(Ljava/nio/ByteBuffer;Ljava/util/Collection;)Ljava/nio/ByteBuffer;" line-rate="1.0" branch-rate="1.0">
							<lines>
								<line number="53" hits="2" branch="false"/>
								<line number="54" hits="2" branch="false"/>
								<line number="55" hits="2" branch="true" condition-coverage="100% (2/2)">
									<conditions>
										<condition number="0" type="jump" coverage="100%"/>
									</conditions>
								</line>
								<line number="56" hits="2" branch="false"/>
								<line number="57" hits="2" branch="false"/>
								<line number="58" hits="2" branch="false"/>
								<line number="60" hits="2" branch="false"/>
							</lines>
						</method>
					</methods>
					<lines>
						<line number="30" hits="2" branch="false"/>
						<line number="40" hits="2" branch="false"/>
						<line number="41" hits="2" branch="false"/>
						<line number="42" hits="2" branch="false"/>
						<line number="43" hits="2" branch="false"/>
						<line number="44" hits="2" branch="false"/>
						<line number="46" hits="2" branch="false"/>
						<line number="48" hits="2" branch="false"/>
						<line number="49" hits="2" branch="true" condition-coverage="50% (2/4)">
							<conditions>
								<condition number="0" type="jump" coverage="50%"/>
								<condition number="1" type="jump" coverage="50%"/>
							</conditions>
						</line>
						<line number="50" hits="2" branch="false"/>
						<line number="53" hits="2" branch="false"/>
						<line number="54" hits="2" branch="false"/>
						<line number="55" hits="2" branch="true" condition-coverage="100% (2/2)">
							<conditions>
								<condition number="0" type="jump" coverage="100%"/>
							</conditions>
						</line>
						<line number="56" hits="2" branch="false"/>
						<line number="57" hits="2" branch="false"/>
						<line number="58" hits="2" branch="false"/>
						<line number="60" hits="2" branch="false"/>
					</lines>
				</class>
				<class name="ch.ledcom.jpreseed.package-info" filename="ch/ledcom/jpreseed/package-info.java" line-rate="1.0" branch-rate="1.0" complexity="0.0">
					<methods>
					</methods>
					<lines>
					</lines>
				</class>
			</classes>
		</package>
		<package name="ch.ledcom.jpreseed.distro" line-rate="1.0" branch-rate="1.0" complexity="1.2173913043478262">
			<classes>
				<class name="ch.ledcom.jpreseed.distro.Distribution" filename="ch/ledcom/jpreseed/distro/Distribution.java" line-rate="1.0" branch-rate="1.0" complexity="1.1428571428571428">
					<methods>
						<method name="&lt;init&gt;" signature="(Ljava/lang/String;Ljava/util/List;)V" line-rate="1.0" branch-rate="1.0">
							<lines>
								<line number="37" hits="18" branch="false"/>
								<line number="38" hits="18" branch="false"/>
								<line number="39" hits="18" branch="false"/>
								<line number="40" hits="18" branch="false"/>
								<line number="41" hits="18" branch="false"/>
								<line number="43" hits="18" branch="true" condition-coverage="100% (2/2)">
									<conditions>
										<condition number="0" type="jump" coverage="100%"/>
									</conditions>
								</line>
								<line number="44" hits="36" branch="false"/>
								<line number="45" hits="36" branch="false"/>
								<line number="46" hits="36" branch="false"/>
								<line number="47" hits="36" branch="false"/>
								<line number="49" hits="18" branch="false"/>
								<line number="50" hits="18" branch="false"/>
								<line number="51" hits="18" branch="false"/>
								<line number="52" hits="18" branch="false"/>
								<line number="53" hits="18" branch="false"/>
							</lines>
						</method>
						<method name="getName" signature="()Ljava/lang/String;" line-rate="1.0" branch-rate="1.0">
							<lines>
								<line number="56" hits="14" branch="false"/>
							</lines>
						</method>
						<method name="getVersionByName" signature="(Ljava/lang/String;)Lch/ledcom/jpreseed/distro/DistroVersion;" line-rate="1.0" branch-rate="1.0">
							<lines>
								<line number="64" hits="4" branch="false"/>
							</lines>
						</method>
						<method name="getVersionByNumber" signature="(Ljava/lang/String;)Lch/ledcom/jpreseed/distro/DistroVersion;" line-rate="1.0" branch-rate="1.0">
							<lines>
								<line number="72" hits="2" branch="false"/>
							</lines>
						</method>
						<method name="getVersionByShortName" signature="(Ljava/lang/String;)Lch/ledcom/jpreseed/distro/DistroVersion;" line-rate="1.0" branch-rate="1.0">
							<lines>
								<line number="68" hits="4" branch="false"/>
							</lines>
						</method>
						<method name="getVersions" signature="()Lcom/google/common/collect/ImmutableList;" line-rate="1.0" branch-rate="1.0">
							<lines>
								<line number="60" hits="10" branch="false"/>
							</lines>
						</method>
						<method name="toString" signature="()Ljava/lang/String;" line-rate="1.0" branch-rate="1.0">
							<lines>
								<line number="77" hits="2" branch="false"/>
							</lines>
						</method>
					</methods>
					<lines>
						<line number="37" hits="18" branch="false"/>
						<line number="38" hits="18" branch="false"/>
						<line number="39" hits="18" branch="false"/>
						<line number="40" hits="18" branch="false"/>
						<line number="41" hits="18" branch="false"/>
						<line number="43" hits="18" branch="true" condition-coverage="100% (2/2)">
							<conditions>
								<condition number="0" type="jump" coverage="100%"/>
							</conditions>
						</line>
						<line number="44" hits="36" branch="false"/>
						<line number="45" hits="36" branch="false"/>
						<line number="46" hits="36" branch="false"/>
						<line number="47" hits="36" branch="false"/>
						<line number="49" hits="18" branch="false"/>
						<line number="50" hits="18" branch="false"/>
						<line number="51" hits="18" branch="false"/>
						<line number="52" hits="18" branch="false"/>
						<line number="53" hits="18" branch="false"/>
						<line number="56" hits="14" branch="false"/>
						<line number="60" hits="10" branch="false"/>
						<line number="64" hits="4" branch="false"/>
						<line number="68" hits="4" branch="false"/>
						<line number="72" hits="2" branch="false"/>
						<line number="77" hits="2" branch="false"/>
					</lines>
				</class>
				<class name="ch.ledcom.jpreseed.distro.DistroAndVersion" filename="ch/ledcom/jpreseed/distro/DistroAndVersion.java" line-rate="1.0" branch-rate="1.0" complexity="1.0">
					<methods>
						<method name="&lt;init&gt;" signature="(Lch/ledcom/jpreseed/distro/Distribution;Lch/ledcom/jpreseed/distro/DistroVersion;)V" line-rate="1.0" branch-rate="1.0">
							<lines>
								<line number="23" hits="16" branch="false"/>
								<line number="24" hits="16" branch="false"/>
								<line number="25" hits="16" branch="false"/>
								<line number="26" hits="16" branch="false"/>
							</lines>
						</method>
						<method name="getDistribution" signature="()Lch/ledcom/jpreseed/distro/Distribution;" line-rate="1.0" branch-rate="1.0">
							<lines>
								<line number="29" hits="2" branch="false"/>
							</lines>
						</method>
						<method name="getVersion" signature="()Lch/ledcom/jpreseed/distro/DistroVersion;" line-rate="1.0" branch-rate="1.0">
							<lines>
								<line number="33" hits="2" branch="false"/>
							</lines>
						</method>
					</methods>
					<lines>
						<line number="23" hits="16" branch="false"/>
						<line number="24" hits="16" branch="false"/>
						<line number="25" hits="16" branch="false"/>
						<line number="26" hits="16" branch="false"/>
						<line number="29" hits="2" branch="false"/>
						<line number="33" hits="2" branch="false"/>
					</lines>
				</class>
				<class name="ch.ledcom.jpreseed.distro.DistroService" filename="ch/ledcom/jpreseed/distro/DistroService.java" line-rate="1.0" branch-rate="1.0" complexity="1.6666666666666667">
					<methods>
						<method name="&lt;init&gt;" signature="(Ljava/util/List;)V" line-rate="1.0" branch-rate="1.0">
							<lines>
								<line number="37" hits="4" branch="false"/>
								<line number="38" hits="4" branch="false"/>
								<line number="39" hits="4" branch="false"/>
								<line number="40" hits="4" branch="true" condition-coverage="100% (2/2)">
									<conditions>
										<condition number="0" type="jump" coverage="100%"/>
									</conditions>
								</line>
								<line number="41" hits="8" branch="false"/>
								<line number="42" hits="8" branch="true" condition-coverage="100% (2/2)">
									<conditions>
										<condition number="0" type="jump" coverage="100%"/>
									</conditions>
								</line>
								<line number="43" hits="16" branch="false"/>
								<line number="44" hits="16" branch="false"/>
								<line number="45" hits="8" branch="false"/>
								<line number="46" hits="4" branch="false"/>
								<line number="47" hits="4" branch="false"/>
								<line number="48" hits="4" branch="false"/>
							</lines>
						</method>
						<method name="create" signature="(Ljava/io/InputStream;)Lch/ledcom/jpreseed/distro/DistroService;" line-rate="1.0" branch-rate="1.0">
							<lines>
								<line number="63" hits="4" branch="false"/>
								<line number="65" hits="4" branch="false"/>
								<line number="68" hits="4" branch="true" condition-coverage="100% (2/2)">
									<conditions>
										<condition number="0" type="jump" coverage="100%"/>
									</conditions>
								</line>
								<line number="69" hits="8" branch="false"/>
								<line number="70" hits="8" branch="false"/>
								<line number="72" hits="4" branch="false"/>
							</lines>
						</method>
						<method name="extractVersions" signature="(Ljava/util/Map;)Ljava/util/List;" line-rate="1.0" branch-rate="1.0">
							<lines>
								<line number="76" hits="8" branch="false"/>
								<line number="78" hits="8" branch="true" condition-coverage="100% (2/2)">
									<conditions>
										<condition number="0" type="jump" coverage="100%"/>
									</conditions>
								</line>
								<line number="79" hits="16" branch="false"/>
								<line number="80" hits="16" branch="false"/>
								<line number="81" hits="16" branch="false"/>
								<line number="82" hits="16" branch="false"/>
								<line number="83" hits="16" branch="false"/>
								<line number="84" hits="16" branch="false"/>
								<line number="85" hits="16" branch="false"/>
								<line number="86" hits="16" branch="false"/>
								<line number="88" hits="8" branch="false"/>
							</lines>
						</method>
						<method name="getDistributionByName" signature="(Ljava/lang/String;)Lch/ledcom/jpreseed/distro/Distribution;" line-rate="1.0" branch-rate="1.0">
							<lines>
								<line number="51" hits="2" branch="false"/>
							</lines>
						</method>
						<method name="getDistributions" signature="()Lcom/google/common/collect/ImmutableCollection;" line-rate="1.0" branch-rate="1.0">
							<lines>
								<line number="55" hits="2" branch="false"/>
							</lines>
						</method>
						<method name="getFlattenedVersions" signature="()Lcom/google/common/collect/ImmutableList;" line-rate="1.0" branch-rate="1.0">
							<lines>
								<line number="59" hits="2" branch="false"/>
							</lines>
						</method>
					</methods>
					<lines>
						<line number="37" hits="4" branch="false"/>
						<line number="38" hits="4" branch="false"/>
						<line number="39" hits="4" branch="false"/>
						<line number="40" hits="4" branch="true" condition-coverage="100% (2/2)">
							<conditions>
								<condition number="0" type="jump" coverage="100%"/>
							</conditions>
						</line>
						<line number="41" hits="8" branch="false"/>
						<line number="42" hits="8" branch="true" condition-coverage="100% (2/2)">
							<conditions>
								<condition number="0" type="jump" coverage="100%"/>
							</conditions>
						</line>
						<line number="43" hits="16" branch="false"/>
						<line number="44" hits="16" branch="false"/>
						<line number="45" hits="8" branch="false"/>
						<line number="46" hits="4" branch="false"/>
						<line number="47" hits="4" branch="false"/>
						<line number="48" hits="4" branch="false"/>
						<line number="51" hits="2" branch="false"/>
						<line number="55" hits="2" branch="false"/>
						<line number="59" hits="2" branch="false"/>
						<line number="63" hits="4" branch="false"/>
						<line number="65" hits="4" branch="false"/>
						<line number="68" hits="4" branch="true" condition-coverage="100% (2/2)">
							<conditions>
								<condition number="0" type="jump" coverage="100%"/>
							</conditions>
						</line>
						<line number="69" hits="8" branch="false"/>
						<line number="70" hits="8" branch="false"/>
						<line number="72" hits="4" branch="false"/>
						<line number="76" hits="8" branch="false"/>
						<line number="78" hits="8" branch="true" condition-coverage="100% (2/2)">
							<conditions>
								<condition number="0" type="jump" coverage="100%"/>
							</conditions>
						</line>
						<line number="79" hits="16" branch="false"/>
						<line number="80" hits="16" branch="false"/>
						<line number="81" hits="16" branch="false"/>
						<line number="82" hits="16" branch="false"/>
						<line number="83" hits="16" branch="false"/>
						<line number="84" hits="16" branch="false"/>
						<line number="85" hits="16" branch="false"/>
						<line number="86" hits="16" branch="false"/>
						<line number="88" hits="8" branch="false"/>
					</lines>
				</class>
				<class name="ch.ledcom.jpreseed.distro.DistroVersion" filename="ch/ledcom/jpreseed/distro/DistroVersion.java" line-rate="1.0" branch-rate="1.0" complexity="1.0">
					<methods>
						<method name="&lt;init&gt;" signature="(Ljava/lang/String;Ljava/lang/String;Ljava/lang/String;Ljava/net/URI;Ljava/net/URI;)V" line-rate="1.0" branch-rate="1.0">
							<lines>
								<line number="34" hits="36" branch="false"/>
								<line number="35" hits="36" branch="false"/>
								<line number="36" hits="36" branch="false"/>
								<line number="37" hits="36" branch="false"/>
								<line number="38" hits="36" branch="false"/>
								<line number="39" hits="36" branch="false"/>
								<line number="40" hits="36" branch="false"/>
							</lines>
						</method>
						<method name="getIsoImageUri" signature="()Ljava/net/URI;" line-rate="1.0" branch-rate="1.0">
							<lines>
								<line number="55" hits="4" branch="false"/>
							</lines>
						</method>
						<method name="getName" signature="()Ljava/lang/String;" line-rate="1.0" branch-rate="1.0">
							<lines>
								<line number="43" hits="42" branch="false"/>
							</lines>
						</method>
						<method name="getNumber" signature="()Ljava/lang/String;" line-rate="1.0" branch-rate="1.0">
							<lines>
								<line number="51" hits="40" branch="false"/>
							</lines>
						</method>
						<method name="getShortName" signature="()Ljava/lang/String;" line-rate="1.0" branch-rate="1.0">
							<lines>
								<line number="47" hits="44" branch="false"/>
							</lines>
						</method>
						<method name="getUsbImageUri" signature="()Ljava/net/URI;" line-rate="1.0" branch-rate="1.0">
							<lines>
								<line number="59" hits="4" branch="false"/>
							</lines>
						</method>
						<method name="toString" signature="()Ljava/lang/String;" line-rate="1.0" branch-rate="1.0">
							<lines>
								<line number="64" hits="2" branch="false"/>
							</lines>
						</method>
					</methods>
					<lines>
						<line number="34" hits="36" branch="false"/>
						<line number="35" hits="36" branch="false"/>
						<line number="36" hits="36" branch="false"/>
						<line number="37" hits="36" branch="false"/>
						<line number="38" hits="36" branch="false"/>
						<line number="39" hits="36" branch="false"/>
						<line number="40" hits="36" branch="false"/>
						<line number="43" hits="42" branch="false"/>
						<line number="47" hits="44" branch="false"/>
						<line number="51" hits="40" branch="false"/>
						<line number="55" hits="4" branch="false"/>
						<line number="59" hits="4" branch="false"/>
						<line number="64" hits="2" branch="false"/>
					</lines>
				</class>
			</classes>
		</package>
	</packages>
</coverage>
